<?xml version="1.0" encoding="UTF-8"?>
<!-- Generated by org.testng.reporters.JUnitReportReporter -->
<testsuite hostname="EC2AMAZ-S11DBRH" failures="0" tests="2" name="testScripts.PlaceOrderTest" time="0.815" errors="0" timestamp="2023-07-20T07:56:02 GMT" skipped="0">
  <testcase classname="testScripts.PlaceOrderTest" name="searchItemTest" time="0.729"/>
  <system-out/>
  <testcase classname="testScripts.PlaceOrderTest" name="checkOutTest" time="0.086"/>
  <system-out/>
</testsuite> <!-- testScripts.PlaceOrderTest -->
